0 info it worked if it ends with ok
1 verbose cli [ 'node', '/usr/local/bin/npm', 'install', '-g', 'sleep' ]
2 info using npm@2.11.3
3 info using node@v0.12.7
4 verbose install initial load of /usr/local/lib/package.json
5 verbose readDependencies loading dependencies from /usr/local/lib/package.json
6 silly cache add args [ 'sleep', null ]
7 verbose cache add spec sleep
8 silly cache add parsed spec { raw: 'sleep',
8 silly cache add   scope: null,
8 silly cache add   name: 'sleep',
8 silly cache add   rawSpec: '',
8 silly cache add   spec: '*',
8 silly cache add   type: 'range' }
9 silly addNamed sleep@*
10 verbose addNamed "*" is a valid semver range for sleep
11 silly addNameRange { name: 'sleep', range: '*', hasData: false }
12 silly mapToRegistry name sleep
13 silly mapToRegistry using default registry
14 silly mapToRegistry registry https://registry.npmjs.org/
15 silly mapToRegistry uri https://registry.npmjs.org/sleep
16 verbose addNameRange registry:https://registry.npmjs.org/sleep not in flight; fetching
17 verbose request uri https://registry.npmjs.org/sleep
18 verbose request no auth needed
19 info attempt registry request try #1 at 23:35:35
20 verbose request id e7a7dce82536057c
21 verbose etag "5SCSTTORHIJ7FI58H6ZBLLKJP"
22 http request GET https://registry.npmjs.org/sleep
23 http 304 https://registry.npmjs.org/sleep
24 silly get cb [ 304,
24 silly get   { date: 'Sun, 19 Jul 2015 21:35:36 GMT',
24 silly get     via: '1.1 varnish',
24 silly get     'cache-control': 'max-age=60',
24 silly get     etag: '"5SCSTTORHIJ7FI58H6ZBLLKJP"',
24 silly get     age: '29',
24 silly get     connection: 'keep-alive',
24 silly get     'x-served-by': 'cache-fra1237-FRA',
24 silly get     'x-cache': 'HIT',
24 silly get     'x-cache-hits': '1',
24 silly get     'x-timer': 'S1437341736.403446,VS0,VE0',
24 silly get     vary: 'Accept' } ]
25 verbose etag https://registry.npmjs.org/sleep from cache
26 verbose get saving sleep to /Users/emilie/.npm/registry.npmjs.org/sleep/.cache.json
27 silly addNameRange number 2 { name: 'sleep', range: '*', hasData: true }
28 silly addNameRange versions [ 'sleep',
28 silly addNameRange   [ '1.0.0',
28 silly addNameRange     '1.0.1',
28 silly addNameRange     '1.0.2',
28 silly addNameRange     '1.1.0',
28 silly addNameRange     '1.1.1',
28 silly addNameRange     '1.1.2',
28 silly addNameRange     '1.1.3',
28 silly addNameRange     '1.1.4',
28 silly addNameRange     '1.1.5',
28 silly addNameRange     '1.1.6',
28 silly addNameRange     '1.1.7',
28 silly addNameRange     '1.1.8',
28 silly addNameRange     '1.2.0',
28 silly addNameRange     '2.0.0' ] ]
29 silly addNamed sleep@2.0.0
30 verbose addNamed "2.0.0" is a plain semver version for sleep
31 silly cache afterAdd sleep@2.0.0
32 verbose afterAdd /Users/emilie/.npm/sleep/2.0.0/package/package.json not in flight; writing
33 verbose afterAdd /Users/emilie/.npm/sleep/2.0.0/package/package.json written
34 silly install resolved [ { name: 'sleep',
34 silly install resolved     version: '2.0.0',
34 silly install resolved     main: 'index.js',
34 silly install resolved     description: 'Add sleep() and usleep() to nodejs',
34 silly install resolved     homepage: 'http://github.com/ErikDubbelboer/node-sleep',
34 silly install resolved     author: { name: 'Erik Dubbelboer', email: 'erik@dubbelboer.com' },
34 silly install resolved     engines: { node: '>=0.4.0' },
34 silly install resolved     keywords: [ 'sleep', 'usleep' ],
34 silly install resolved     repository:
34 silly install resolved      { type: 'git',
34 silly install resolved        url: 'git+https://github.com/ErikDubbelboer/node-sleep.git' },
34 silly install resolved     dependencies: { nan: '*' },
34 silly install resolved     gypfile: true,
34 silly install resolved     scripts: { install: 'node-gyp rebuild' },
34 silly install resolved     gitHead: '3c850e05250d3ad72499fb0cefc4be13e9ce24d2',
34 silly install resolved     bugs: { url: 'https://github.com/ErikDubbelboer/node-sleep/issues' },
34 silly install resolved     _id: 'sleep@2.0.0',
34 silly install resolved     _shasum: '96d8ef97970ecad464b146ea5e86dd5d6ceb65bc',
34 silly install resolved     _from: 'sleep@*',
34 silly install resolved     _npmVersion: '1.4.28',
34 silly install resolved     _npmUser: { name: 'erikdubbelboer', email: 'erik@dubbelboer.com' },
34 silly install resolved     maintainers: [ [Object] ],
34 silly install resolved     dist:
34 silly install resolved      { shasum: '96d8ef97970ecad464b146ea5e86dd5d6ceb65bc',
34 silly install resolved        tarball: 'http://registry.npmjs.org/sleep/-/sleep-2.0.0.tgz' },
34 silly install resolved     directories: {},
34 silly install resolved     _resolved: 'https://registry.npmjs.org/sleep/-/sleep-2.0.0.tgz',
34 silly install resolved     readme: 'ERROR: No README data found!' } ]
35 info install sleep@2.0.0 into /usr/local/lib
36 info installOne sleep@2.0.0
37 verbose installOne of sleep to /usr/local/lib not in flight; installing
38 verbose lock using /Users/emilie/.npm/_locks/sleep-9f360ea08ce2077b.lock for /usr/local/lib/node_modules/sleep
39 silly install write writing sleep 2.0.0 to /usr/local/lib/node_modules/sleep
40 verbose unbuild lib/node_modules/sleep
41 info preuninstall sleep@2.0.0
42 info uninstall sleep@2.0.0
43 verbose unbuild rmStuff sleep@2.0.0 from /usr/local/lib/node_modules
44 info postuninstall sleep@2.0.0
45 silly gentlyRm /usr/local/lib/node_modules/sleep is being purged from base /usr/local
46 verbose gentlyRm don't care about contents; nuking /usr/local/lib/node_modules/sleep
47 silly vacuum-fs purging /usr/local/lib/node_modules/sleep
48 verbose unlock done using /Users/emilie/.npm/_locks/sleep-9f360ea08ce2077b.lock for /usr/local/lib/node_modules/sleep
49 verbose stack Error: EACCES, rmdir '/usr/local/lib/node_modules/sleep'
49 verbose stack     at Error (native)
50 verbose cwd /Users/emilie/Documents/workspace/test-nodejs
51 error Darwin 14.0.0
52 error argv "node" "/usr/local/bin/npm" "install" "-g" "sleep"
53 error node v0.12.7
54 error npm  v2.11.3
55 error path /usr/local/lib/node_modules/sleep
56 error code EACCES
57 error errno -13
58 error Error: EACCES, rmdir '/usr/local/lib/node_modules/sleep'
58 error     at Error (native)
58 error  { [Error: EACCES, rmdir '/usr/local/lib/node_modules/sleep']
58 error   errno: -13,
58 error   code: 'EACCES',
58 error   path: '/usr/local/lib/node_modules/sleep' }
59 error Please try running this command again as root/Administrator.
60 verbose exit [ -13, true ]
61 verbose unbuild lib/node_modules/sleep
62 info preuninstall sleep@2.0.0
63 info uninstall sleep@2.0.0
64 verbose unbuild rmStuff sleep@2.0.0 from /usr/local/lib/node_modules
65 info postuninstall sleep@2.0.0
66 silly gentlyRm /usr/local/lib/node_modules/sleep is being purged from base /usr/local
67 verbose gentlyRm don't care about contents; nuking /usr/local/lib/node_modules/sleep
68 silly vacuum-fs purging /usr/local/lib/node_modules/sleep
69 error error rolling back Error: EACCES, rmdir '/usr/local/lib/node_modules/sleep'
69 error error rolling back     at Error (native)
69 error error rolling back  { [Error: EACCES, rmdir '/usr/local/lib/node_modules/sleep']
69 error error rolling back   errno: -13,
69 error error rolling back   code: 'EACCES',
69 error error rolling back   path: '/usr/local/lib/node_modules/sleep' }
